<?xml version="1.0" encoding="UTF-8"?>
<!-- Generated by org.testng.reporters.JUnitReportReporter -->
<testsuite hostname="INBook_X1" failures="0" tests="2" name="Session03.GetMethod" time="3.080" errors="0" timestamp="2023-12-23T19:42:37 IST" skipped="0">
  <testcase classname="Session03.GetMethod" name="test01" time="2.701"/>
  <system-out/>
  <testcase classname="Session03.GetMethod" name="test02" time="0.379"/>
  <system-out/>
</testsuite> <!-- Session03.GetMethod -->
