<?xml version="1.0" encoding="UTF-8"?>
<!-- Generated by org.testng.reporters.JUnitReportReporter -->
<testsuite hostname="INBook_X1" failures="0" tests="1" name="Session03.PatchMethod" time="2.675" errors="0" timestamp="2023-12-23T19:43:37 IST" skipped="0">
  <testcase classname="Session03.PatchMethod" name="test05" time="2.675"/>
  <system-out/>
</testsuite> <!-- Session03.PatchMethod -->
