<?xml version="1.0" encoding="UTF-8"?>
<!-- Generated by org.testng.reporters.JUnitReportReporter -->
<testsuite hostname="INBook_X1" failures="0" tests="1" name="Session07.CheckQuerryParameter" time="2.923" errors="0" timestamp="2023-12-27T20:07:54 IST" skipped="0">
  <testcase classname="Session07.CheckQuerryParameter" name="filterData" time="2.923"/>
  <system-out/>
</testsuite> <!-- Session07.CheckQuerryParameter -->
