<?xml version="1.0" encoding="UTF-8"?>
<!-- Generated by org.testng.reporters.JUnitReportReporter -->
<testsuite hostname="INBook_X1" failures="0" tests="3" name="Session05.ChckForValidResponse" time="2.138" errors="0" timestamp="2023-12-25T22:29:23 IST" skipped="2">
  <testcase classname="Session05.ChckForValidResponse" name="GetSingleUserBddStyle" time="2.138"/>
  <system-out/>
  <testcase classname="Session05.ChckForValidResponse" name="GetSingleUserUsingValitableresponse">
    <skipped/>
  </testcase> <!-- GetSingleUserUsingValitableresponse -->
  <system-out/>
  <testcase classname="Session05.ChckForValidResponse" name="GetSingleUser">
    <skipped/>
  </testcase> <!-- GetSingleUser -->
  <system-out/>
</testsuite> <!-- Session05.ChckForValidResponse -->
