<?xml version="1.0" encoding="UTF-8"?>
<!-- Generated by org.testng.reporters.JUnitReportReporter -->
<testsuite hostname="INBook_X1" failures="0" tests="1" name="Session03.DeleteMethod" time="2.429" errors="0" timestamp="2023-12-23T19:43:23 IST" skipped="0">
  <testcase classname="Session03.DeleteMethod" name="test06" time="2.429"/>
  <system-out/>
</testsuite> <!-- Session03.DeleteMethod -->
