<?xml version="1.0" encoding="UTF-8"?>
<!-- Generated by org.testng.reporters.JUnitReportReporter -->
<testsuite hostname="INBook_X1" failures="0" tests="1" name="Session03.PutMethod" time="2.953" errors="0" timestamp="2023-12-16T21:10:47 IST" skipped="0">
  <testcase classname="Session03.PutMethod" name="test04" time="2.953"/>
  <system-out/>
</testsuite> <!-- Session03.PutMethod -->
