<?xml version="1.0" encoding="UTF-8"?>
<!-- Generated by org.testng.reporters.JUnitReportReporter -->
<testsuite hostname="INBook_X1" failures="0" tests="1" name="Session06.ValidatejJsonrRsponse" time="3.061" errors="0" timestamp="2023-12-27T19:39:05 IST" skipped="0">
  <testcase classname="Session06.ValidatejJsonrRsponse" name="UserListResponseBody" time="3.061"/>
  <system-out/>
</testsuite> <!-- Session06.ValidatejJsonrRsponse -->
