<?xml version="1.0" encoding="UTF-8"?>
<!-- Generated by org.testng.reporters.JUnitReportReporter -->
<testsuite hostname="INBook_X1" failures="0" tests="1" name="IgnorFields.TestIgnorFields" time="0.398" errors="0" timestamp="2024-01-27T14:49:10 IST" skipped="0">
  <testcase classname="IgnorFields.TestIgnorFields" name="testMethod1" time="0.398"/>
  <system-out/>
</testsuite> <!-- IgnorFields.TestIgnorFields -->
