<?xml version="1.0" encoding="UTF-8"?>
<!-- Generated by org.testng.reporters.JUnitReportReporter -->
<testsuite hostname="INBook_X1" failures="0" tests="2" name="Basic_Auth.BasicAuthorasation" time="4.746" errors="0" timestamp="2024-01-23T23:11:05 IST" skipped="0">
  <testcase classname="Basic_Auth.BasicAuthorasation" name="DigestAuth" time="3.980"/>
  <system-out/>
  <testcase classname="Basic_Auth.BasicAuthorasation" name="basicAuth" time="0.766"/>
  <system-out/>
</testsuite> <!-- Basic_Auth.BasicAuthorasation -->
