<?xml version="1.0" encoding="UTF-8"?>
<!-- Generated by org.testng.reporters.JUnitReportReporter -->
<testsuite hostname="INBook_X1" failures="0" tests="1" name="Session13.QueryRequestSpecification" time="0.674" errors="0" timestamp="2024-01-02T19:25:36 IST" skipped="0">
  <testcase classname="Session13.QueryRequestSpecification" name="createUser" time="0.674"/>
  <system-out/>
</testsuite> <!-- Session13.QueryRequestSpecification -->
