<?xml version="1.0" encoding="UTF-8"?>
<!-- Generated by org.testng.reporters.JUnitReportReporter -->
<testsuite hostname="INBook_X1" failures="0" tests="1" name="JsonInclude.TestJsonInclude" time="0.273" errors="0" timestamp="2024-01-27T14:34:09 IST" skipped="0">
  <testcase classname="JsonInclude.TestJsonInclude" name="testMethod1" time="0.273"/>
  <system-out/>
</testsuite> <!-- JsonInclude.TestJsonInclude -->
