<?xml version="1.0" encoding="UTF-8"?>
<!-- Generated by org.testng.reporters.JUnitReportReporter -->
<testsuite hostname="INBook_X1" failures="0" tests="1" name="ComplexNestedJsonObject.TestComplexNestedJSONObject" time="2.579" errors="0" timestamp="2024-01-27T14:22:55 IST" skipped="0">
  <testcase classname="ComplexNestedJsonObject.TestComplexNestedJSONObject" name="createUser" time="2.579"/>
  <system-out/>
</testsuite> <!-- ComplexNestedJsonObject.TestComplexNestedJSONObject -->
