<?xml version="1.0" encoding="UTF-8"?>
<!-- Generated by org.testng.reporters.JUnitReportReporter -->
<testsuite hostname="INBook_X1" failures="0" tests="1" name="Querry_Param.CheckQuerryParameter" time="22.775" errors="0" timestamp="2024-01-19T12:36:11 IST" skipped="0">
  <testcase classname="Querry_Param.CheckQuerryParameter" name="filterData" time="22.775"/>
  <system-out/>
</testsuite> <!-- Querry_Param.CheckQuerryParameter -->
