<?xml version="1.0" encoding="UTF-8"?>
<!-- Generated by org.testng.reporters.JUnitReportReporter -->
<testsuite hostname="INBook_X1" failures="0" tests="2" name="Session16.JSONArrayDemo" time="3.808" errors="0" timestamp="2024-01-03T22:41:56 IST" skipped="1">
  <testcase classname="Session16.JSONArrayDemo" name="CreateJSonArrayUsingList" time="3.808"/>
  <system-out/>
  <testcase classname="Session16.JSONArrayDemo" name="createUserUsingJSONArray">
    <skipped/>
  </testcase> <!-- createUserUsingJSONArray -->
  <system-out/>
</testsuite> <!-- Session16.JSONArrayDemo -->
