<?xml version="1.0" encoding="UTF-8"?>
<!-- Generated by org.testng.reporters.JUnitReportReporter -->
<testsuite hostname="INBook_X1" failures="0" tests="2" name="JSON_Object_Using_MAP.JsonObjecUsingJavaMapDemo" time="6.164" errors="0" timestamp="2024-01-19T12:34:16 IST" skipped="1">
  <testcase classname="JSON_Object_Using_MAP.JsonObjecUsingJavaMapDemo" name="createUser" time="6.164"/>
  <system-out/>
  <testcase classname="JSON_Object_Using_MAP.JsonObjecUsingJavaMapDemo" name="createAuthToken">
    <skipped/>
  </testcase> <!-- createAuthToken -->
  <system-out/>
</testsuite> <!-- JSON_Object_Using_MAP.JsonObjecUsingJavaMapDemo -->
