<?xml version="1.0" encoding="UTF-8"?>
<!-- Generated by org.testng.reporters.JUnitReportReporter -->
<testsuite hostname="INBook_X1" failures="0" tests="1" name="JaksonAPI.JSONObjectUsingJacksonAPI" time="6.232" errors="0" timestamp="2024-01-19T12:33:51 IST" skipped="0">
  <testcase classname="JaksonAPI.JSONObjectUsingJacksonAPI" name="CreateUser" time="6.232"/>
  <system-out/>
</testsuite> <!-- JaksonAPI.JSONObjectUsingJacksonAPI -->
