<?xml version="1.0" encoding="UTF-8"?>
<!-- Generated by org.testng.reporters.JUnitReportReporter -->
<testsuite hostname="INBook_X1" failures="0" tests="2" name="Session08.BasicAuthorasation" time="4.390" errors="0" timestamp="2023-12-28T22:12:19 IST" skipped="0">
  <testcase classname="Session08.BasicAuthorasation" name="DigestAuth" time="3.567"/>
  <system-out/>
  <testcase classname="Session08.BasicAuthorasation" name="basicAuth" time="0.823"/>
  <system-out/>
</testsuite> <!-- Session08.BasicAuthorasation -->
