<?xml version="1.0" encoding="UTF-8"?>
<!-- Generated by org.testng.reporters.JUnitReportReporter -->
<testsuite hostname="INBook_X1" failures="0" tests="1" name="Basic_CRUD.DeleteMethod" time="284.009" errors="0" timestamp="2024-01-19T12:36:24 IST" skipped="0">
  <testcase classname="Basic_CRUD.DeleteMethod" name="test06" time="284.009"/>
  <system-out/>
</testsuite> <!-- Basic_CRUD.DeleteMethod -->
