<?xml version="1.0" encoding="UTF-8"?>
<!-- Generated by org.testng.reporters.JUnitReportReporter -->
<testsuite hostname="INBook_X1" failures="0" tests="1" name="Basic_CRUD.PostMethod" time="5.719" errors="0" timestamp="2024-01-19T12:32:41 IST" skipped="0">
  <testcase classname="Basic_CRUD.PostMethod" name="test03" time="5.719"/>
  <system-out/>
</testsuite> <!-- Basic_CRUD.PostMethod -->
