<?xml version="1.0" encoding="UTF-8"?>
<!-- Generated by org.testng.reporters.JUnitReportReporter -->
<testsuite hostname="INBook_X1" failures="0" tests="1" name="Session17.JSONObjectUsingJacksonAPI" time="2.852" errors="0" timestamp="2024-01-03T23:06:09 IST" skipped="0">
  <testcase classname="Session17.JSONObjectUsingJacksonAPI" name="CreateUser" time="2.852"/>
  <system-out/>
</testsuite> <!-- Session17.JSONObjectUsingJacksonAPI -->
