<?xml version="1.0" encoding="UTF-8"?>
<!-- Generated by org.testng.reporters.JUnitReportReporter -->
<testsuite hostname="INBook_X1" failures="0" tests="2" name="Basic_CRUD.GetMethod" time="6.421" errors="0" timestamp="2024-01-19T12:32:04 IST" skipped="0">
  <testcase classname="Basic_CRUD.GetMethod" name="test01" time="4.174"/>
  <system-out/>
  <testcase classname="Basic_CRUD.GetMethod" name="test02" time="2.247"/>
  <system-out/>
</testsuite> <!-- Basic_CRUD.GetMethod -->
