<?xml version="1.0" encoding="UTF-8"?>
<!-- Generated by org.testng.reporters.JUnitReportReporter -->
<testsuite hostname="INBook_X1" failures="0" tests="1" name="Basic_CRUD.PatchMethod" time="5.169" errors="0" timestamp="2024-01-19T12:32:18 IST" skipped="0">
  <testcase classname="Basic_CRUD.PatchMethod" name="test05" time="5.169"/>
  <system-out/>
</testsuite> <!-- Basic_CRUD.PatchMethod -->
