<?xml version="1.0" encoding="UTF-8"?>
<!-- Generated by org.testng.reporters.JUnitReportReporter -->
<testsuite hostname="INBook_X1" failures="0" tests="1" name="JSON_Response.ValidatejJsonrRsponse" time="4.623" errors="0" timestamp="2024-01-19T12:34:31 IST" skipped="0">
  <testcase classname="JSON_Response.ValidatejJsonrRsponse" name="UserListResponseBody" time="4.623"/>
  <system-out/>
</testsuite> <!-- JSON_Response.ValidatejJsonrRsponse -->
