<?xml version="1.0" encoding="UTF-8"?>
<!-- Generated by org.testng.reporters.JUnitReportReporter -->
<testsuite hostname="INBook_X1" failures="0" tests="2" name="XML_Response.ValidateXMLResponse" time="2.825" errors="0" timestamp="2024-01-19T12:37:10 IST" skipped="1">
  <testcase classname="XML_Response.ValidateXMLResponse" name="GetTravellersData" time="2.825"/>
  <system-out/>
  <testcase classname="XML_Response.ValidateXMLResponse" name="AddPet">
    <skipped/>
  </testcase> <!-- AddPet -->
  <system-out/>
</testsuite> <!-- XML_Response.ValidateXMLResponse -->
