<?xml version="1.0" encoding="UTF-8"?>
<!-- Generated by org.testng.reporters.JUnitReportReporter -->
<testsuite hostname="INBook_X1" failures="0" tests="1" name="Basic_CRUD.PutMethod" time="276.838" errors="0" timestamp="2024-01-19T12:37:30 IST" skipped="0">
  <testcase classname="Basic_CRUD.PutMethod" name="test04" time="276.838"/>
  <system-out/>
</testsuite> <!-- Basic_CRUD.PutMethod -->
