<?xml version="1.0" encoding="UTF-8"?>
<!-- Generated by org.testng.reporters.JUnitReportReporter -->
<testsuite hostname="INBook_X1" failures="0" tests="1" name="Querry.QueryRequestSpecification" time="0.645" errors="0" timestamp="2024-01-19T12:35:33 IST" skipped="0">
  <testcase classname="Querry.QueryRequestSpecification" name="createUser" time="0.645"/>
  <system-out/>
</testsuite> <!-- Querry.QueryRequestSpecification -->
