<?xml version="1.0" encoding="UTF-8"?>
<!-- Generated by org.testng.reporters.JUnitReportReporter -->
<testsuite hostname="INBook_X1" failures="0" tests="1" name="Session12.DeSerialisation" time="4.577" errors="0" timestamp="2024-01-01T23:07:05 IST" skipped="0">
  <testcase classname="Session12.DeSerialisation" name="CreateUser" time="4.577"/>
  <system-out/>
</testsuite> <!-- Session12.DeSerialisation -->
