<?xml version="1.0" encoding="UTF-8"?>
<!-- Generated by org.testng.reporters.JUnitReportReporter -->
<testsuite hostname="INBook_X1" failures="0" tests="2" name="Session14.ValidateXMLResponse" time="3.261" errors="0" timestamp="2024-01-02T22:37:50 IST" skipped="1">
  <testcase classname="Session14.ValidateXMLResponse" name="GetTravellersData" time="3.261"/>
  <system-out/>
  <testcase classname="Session14.ValidateXMLResponse" name="AddPet">
    <skipped/>
  </testcase> <!-- AddPet -->
  <system-out/>
</testsuite> <!-- Session14.ValidateXMLResponse -->
