<?xml version="1.0" encoding="UTF-8"?>
<!-- Generated by org.testng.reporters.JUnitReportReporter -->
<testsuite hostname="INBook_X1" failures="0" tests="2" name="JsonArray.JSONArrayDemo" time="8.207" errors="0" timestamp="2024-01-19T12:35:06 IST" skipped="1">
  <testcase classname="JsonArray.JSONArrayDemo" name="CreateJSonArrayUsingList" time="8.207"/>
  <system-out/>
  <testcase classname="JsonArray.JSONArrayDemo" name="createUserUsingJSONArray">
    <skipped/>
  </testcase> <!-- createUserUsingJSONArray -->
  <system-out/>
</testsuite> <!-- JsonArray.JSONArrayDemo -->
