<?xml version="1.0" encoding="UTF-8"?>
<!-- Generated by org.testng.reporters.JUnitReportReporter -->
<testsuite hostname="INBook_X1" failures="0" tests="1" name="API_Key_Auth.ApiKeyAuthentication" time="20.705" errors="0" timestamp="2024-01-19T18:40:56 IST" skipped="0">
  <testcase classname="API_Key_Auth.ApiKeyAuthentication" name="GetWetherDataByCity" time="20.705"/>
  <system-out/>
</testsuite> <!-- API_Key_Auth.ApiKeyAuthentication -->
