<?xml version="1.0" encoding="UTF-8"?>
<!-- Generated by org.testng.reporters.JUnitReportReporter -->
<testsuite hostname="INBook_X1" failures="0" tests="1" name="FileUpload.FileUpload" time="2.384" errors="0" timestamp="2024-01-19T12:33:27 IST" skipped="0">
  <testcase classname="FileUpload.FileUpload" name="uploadFile" time="2.384"/>
  <system-out/>
</testsuite> <!-- FileUpload.FileUpload -->
