<?xml version="1.0" encoding="UTF-8"?>
<!-- Generated by org.testng.reporters.JUnitReportReporter -->
<testsuite hostname="INBook_X1" failures="0" tests="2" name="Session03.GetMethod" time="3.009" errors="0" timestamp="2024-01-09T17:38:10 IST" skipped="0">
  <testcase classname="Session03.GetMethod" name="test01" time="2.332"/>
  <system-out/>
  <testcase classname="Session03.GetMethod" name="test02" time="0.677"/>
  <system-out/>
</testsuite> <!-- Session03.GetMethod -->
