<?xml version="1.0" encoding="UTF-8"?>
<!-- Generated by org.testng.reporters.JUnitReportReporter -->
<testsuite hostname="INBook_X1" failures="0" tests="3" name="Status_Code.ValidResponseStatusCode" time="2.441" errors="0" timestamp="2024-01-19T12:36:54 IST" skipped="2">
  <testcase classname="Status_Code.ValidResponseStatusCode" name="GetSingleUserBddStyle" time="2.441"/>
  <system-out/>
  <testcase classname="Status_Code.ValidResponseStatusCode" name="GetSingleUser">
    <skipped/>
  </testcase> <!-- GetSingleUser -->
  <system-out/>
  <testcase classname="Status_Code.ValidResponseStatusCode" name="GetSingleUserUsingValitableresponse">
    <skipped/>
  </testcase> <!-- GetSingleUserUsingValitableresponse -->
  <system-out/>
</testsuite> <!-- Status_Code.ValidResponseStatusCode -->
