<?xml version="1.0" encoding="UTF-8"?>
<!-- Generated by org.testng.reporters.JUnitReportReporter -->
<testsuite hostname="INBook_X1" failures="0" tests="1" name="Session03.PostMethod" time="2.778" errors="0" timestamp="2023-12-16T20:58:56 IST" skipped="0">
  <testcase classname="Session03.PostMethod" name="test03" time="2.778"/>
  <system-out/>
</testsuite> <!-- Session03.PostMethod -->
