<?xml version="1.0" encoding="UTF-8"?>
<!-- Generated by org.testng.reporters.JUnitReportReporter -->
<testsuite hostname="INBook_X1" failures="0" tests="1" name="POJOClass.SerializationAndDeserialization" time="2.745" errors="0" timestamp="2024-01-20T16:46:30 IST" skipped="0">
  <testcase classname="POJOClass.SerializationAndDeserialization" name="CreateJSONObjectFromEmployeeClassObject" time="2.745"/>
  <system-out/>
</testsuite> <!-- POJOClass.SerializationAndDeserialization -->
