<?xml version="1.0" encoding="UTF-8"?>
<!-- Generated by org.testng.reporters.JUnitReportReporter -->
<testsuite hostname="INBook_X1" failures="0" tests="1" name="JsonArrayToPojo.JsonToPojo" time="3.099" errors="0" timestamp="2024-01-20T17:02:44 IST" skipped="0">
  <testcase classname="JsonArrayToPojo.JsonToPojo" name="jsonArray" time="3.099"/>
  <system-out/>
</testsuite> <!-- JsonArrayToPojo.JsonToPojo -->
