<?xml version="1.0" encoding="UTF-8"?>
<!-- Generated by org.testng.reporters.JUnitReportReporter -->
<testsuite hostname="INBook_X1" failures="0" tests="1" name="Session18.FileUpload" time="2.413" errors="0" timestamp="2024-01-14T23:29:16 IST" skipped="0">
  <testcase classname="Session18.FileUpload" name="uploadFile" time="2.413"/>
  <system-out/>
</testsuite> <!-- Session18.FileUpload -->
