<?xml version="1.0" encoding="UTF-8"?>
<!-- Generated by org.testng.reporters.JUnitReportReporter -->
<testsuite hostname="INBook_X1" failures="0" tests="1" name="Serialisation.DeSerialisation" time="6.044" errors="0" timestamp="2024-01-19T12:36:33 IST" skipped="0">
  <testcase classname="Serialisation.DeSerialisation" name="CreateUser" time="6.044"/>
  <system-out/>
</testsuite> <!-- Serialisation.DeSerialisation -->
